Determining if the pthread_create exist failed with the following output:
Change Dir: /home/quy/catkin_ws/build/CMakeFiles/CMakeTmp

Run Build Command:/usr/bin/make "cmTryCompileExec3186296493/fast"
/usr/bin/make -f CMakeFiles/cmTryCompileExec3186296493.dir/build.make CMakeFiles/cmTryCompileExec3186296493.dir/build
make[1]: Entering directory `/home/quy/catkin_ws/build/CMakeFiles/CMakeTmp'
/usr/bin/cmake -E cmake_progress_report /home/quy/catkin_ws/build/CMakeFiles/CMakeTmp/CMakeFiles 1
Building C object CMakeFiles/cmTryCompileExec3186296493.dir/CheckSymbolExists.c.o
/usr/bin/cc    -o CMakeFiles/cmTryCompileExec3186296493.dir/CheckSymbolExists.c.o   -c /home/quy/catkin_ws/build/CMakeFiles/CMakeTmp/CheckSymbolExists.c
Linking C executable cmTryCompileExec3186296493
/usr/bin/cmake -E cmake_link_script CMakeFiles/cmTryCompileExec3186296493.dir/link.txt --verbose=1
/usr/bin/cc       CMakeFiles/cmTryCompileExec3186296493.dir/CheckSymbolExists.c.o  -o cmTryCompileExec3186296493 -rdynamic 
CMakeFiles/cmTryCompileExec3186296493.dir/CheckSymbolExists.c.o: In function `main':
CheckSymbolExists.c:(.text+0x16): undefined reference to `pthread_create'
collect2: error: ld returned 1 exit status
make[1]: Leaving directory `/home/quy/catkin_ws/build/CMakeFiles/CMakeTmp'
make[1]: *** [cmTryCompileExec3186296493] Error 1
make: *** [cmTryCompileExec3186296493/fast] Error 2

File /home/quy/catkin_ws/build/CMakeFiles/CMakeTmp/CheckSymbolExists.c:
/* */
#include <pthread.h>

int main(int argc, char** argv)
{
  (void)argv;
#ifndef pthread_create
  return ((int*)(&pthread_create))[argc];
#else
  (void)argc;
  return 0;
#endif
}

Determining if the function pthread_create exists in the pthreads failed with the following output:
Change Dir: /home/quy/catkin_ws/build/CMakeFiles/CMakeTmp

Run Build Command:/usr/bin/make "cmTryCompileExec871236912/fast"
/usr/bin/make -f CMakeFiles/cmTryCompileExec871236912.dir/build.make CMakeFiles/cmTryCompileExec871236912.dir/build
make[1]: Entering directory `/home/quy/catkin_ws/build/CMakeFiles/CMakeTmp'
/usr/bin/cmake -E cmake_progress_report /home/quy/catkin_ws/build/CMakeFiles/CMakeTmp/CMakeFiles 1
Building C object CMakeFiles/cmTryCompileExec871236912.dir/CheckFunctionExists.c.o
/usr/bin/cc   -DCHECK_FUNCTION_EXISTS=pthread_create   -o CMakeFiles/cmTryCompileExec871236912.dir/CheckFunctionExists.c.o   -c /usr/share/cmake-2.8/Modules/CheckFunctionExists.c
Linking C executable cmTryCompileExec871236912
/usr/bin/cmake -E cmake_link_script CMakeFiles/cmTryCompileExec871236912.dir/link.txt --verbose=1
/usr/bin/cc   -DCHECK_FUNCTION_EXISTS=pthread_create    CMakeFiles/cmTryCompileExec871236912.dir/CheckFunctionExists.c.o  -o cmTryCompileExec871236912 -rdynamic -lpthreads 
/usr/bin/ld: cannot find -lpthreads
collect2: error: ld returned 1 exit status
make[1]: Leaving directory `/home/quy/catkin_ws/build/CMakeFiles/CMakeTmp'
make[1]: *** [cmTryCompileExec871236912] Error 1
make: *** [cmTryCompileExec871236912/fast] Error 2


Determining if the Q_WS_WIN exist failed with the following output:
Change Dir: /home/quy/catkin_ws/build/CMakeFiles/CMakeTmp

Run Build Command:/usr/bin/make "cmTryCompileExec2899062560/fast"
/usr/bin/make -f CMakeFiles/cmTryCompileExec2899062560.dir/build.make CMakeFiles/cmTryCompileExec2899062560.dir/build
make[1]: Entering directory `/home/quy/catkin_ws/build/CMakeFiles/CMakeTmp'
/usr/bin/cmake -E cmake_progress_report /home/quy/catkin_ws/build/CMakeFiles/CMakeTmp/CMakeFiles 1
Building CXX object CMakeFiles/cmTryCompileExec2899062560.dir/CheckSymbolExists.cxx.o
/usr/bin/c++    -I/usr/include/qt4    -o CMakeFiles/cmTryCompileExec2899062560.dir/CheckSymbolExists.cxx.o -c /home/quy/catkin_ws/build/CMakeFiles/CMakeTmp/CheckSymbolExists.cxx
/home/quy/catkin_ws/build/CMakeFiles/CMakeTmp/CheckSymbolExists.cxx: In function ‘int main(int, char**)’:
/home/quy/catkin_ws/build/CMakeFiles/CMakeTmp/CheckSymbolExists.cxx:8:19: error: ‘Q_WS_WIN’ was not declared in this scope
   return ((int*)(&Q_WS_WIN))[argc];
                   ^
make[1]: Leaving directory `/home/quy/catkin_ws/build/CMakeFiles/CMakeTmp'
make[1]: *** [CMakeFiles/cmTryCompileExec2899062560.dir/CheckSymbolExists.cxx.o] Error 1
make: *** [cmTryCompileExec2899062560/fast] Error 2

File /home/quy/catkin_ws/build/CMakeFiles/CMakeTmp/CheckSymbolExists.cxx:
/* */
#include <QtCore/qglobal.h>

int main(int argc, char** argv)
{
  (void)argv;
#ifndef Q_WS_WIN
  return ((int*)(&Q_WS_WIN))[argc];
#else
  (void)argc;
  return 0;
#endif
}

Determining if the Q_WS_QWS exist failed with the following output:
Change Dir: /home/quy/catkin_ws/build/CMakeFiles/CMakeTmp

Run Build Command:/usr/bin/make "cmTryCompileExec3402372822/fast"
/usr/bin/make -f CMakeFiles/cmTryCompileExec3402372822.dir/build.make CMakeFiles/cmTryCompileExec3402372822.dir/build
make[1]: Entering directory `/home/quy/catkin_ws/build/CMakeFiles/CMakeTmp'
/usr/bin/cmake -E cmake_progress_report /home/quy/catkin_ws/build/CMakeFiles/CMakeTmp/CMakeFiles 1
Building CXX object CMakeFiles/cmTryCompileExec3402372822.dir/CheckSymbolExists.cxx.o
/usr/bin/c++    -I/usr/include/qt4    -o CMakeFiles/cmTryCompileExec3402372822.dir/CheckSymbolExists.cxx.o -c /home/quy/catkin_ws/build/CMakeFiles/CMakeTmp/CheckSymbolExists.cxx
/home/quy/catkin_ws/build/CMakeFiles/CMakeTmp/CheckSymbolExists.cxx: In function ‘int main(int, char**)’:
/home/quy/catkin_ws/build/CMakeFiles/CMakeTmp/CheckSymbolExists.cxx:8:19: error: ‘Q_WS_QWS’ was not declared in this scope
   return ((int*)(&Q_WS_QWS))[argc];
                   ^
make[1]: Leaving directory `/home/quy/catkin_ws/build/CMakeFiles/CMakeTmp'
make[1]: *** [CMakeFiles/cmTryCompileExec3402372822.dir/CheckSymbolExists.cxx.o] Error 1
make: *** [cmTryCompileExec3402372822/fast] Error 2

File /home/quy/catkin_ws/build/CMakeFiles/CMakeTmp/CheckSymbolExists.cxx:
/* */
#include <QtCore/qglobal.h>

int main(int argc, char** argv)
{
  (void)argv;
#ifndef Q_WS_QWS
  return ((int*)(&Q_WS_QWS))[argc];
#else
  (void)argc;
  return 0;
#endif
}

Determining if the Q_WS_MAC exist failed with the following output:
Change Dir: /home/quy/catkin_ws/build/CMakeFiles/CMakeTmp

Run Build Command:/usr/bin/make "cmTryCompileExec2435600861/fast"
/usr/bin/make -f CMakeFiles/cmTryCompileExec2435600861.dir/build.make CMakeFiles/cmTryCompileExec2435600861.dir/build
make[1]: Entering directory `/home/quy/catkin_ws/build/CMakeFiles/CMakeTmp'
/usr/bin/cmake -E cmake_progress_report /home/quy/catkin_ws/build/CMakeFiles/CMakeTmp/CMakeFiles 1
Building CXX object CMakeFiles/cmTryCompileExec2435600861.dir/CheckSymbolExists.cxx.o
/usr/bin/c++    -I/usr/include/qt4    -o CMakeFiles/cmTryCompileExec2435600861.dir/CheckSymbolExists.cxx.o -c /home/quy/catkin_ws/build/CMakeFiles/CMakeTmp/CheckSymbolExists.cxx
/home/quy/catkin_ws/build/CMakeFiles/CMakeTmp/CheckSymbolExists.cxx: In function ‘int main(int, char**)’:
/home/quy/catkin_ws/build/CMakeFiles/CMakeTmp/CheckSymbolExists.cxx:8:19: error: ‘Q_WS_MAC’ was not declared in this scope
   return ((int*)(&Q_WS_MAC))[argc];
                   ^
make[1]: *** [CMakeFiles/cmTryCompileExec2435600861.dir/CheckSymbolExists.cxx.o] Error 1
make[1]: Leaving directory `/home/quy/catkin_ws/build/CMakeFiles/CMakeTmp'
make: *** [cmTryCompileExec2435600861/fast] Error 2

File /home/quy/catkin_ws/build/CMakeFiles/CMakeTmp/CheckSymbolExists.cxx:
/* */
#include <QtCore/qglobal.h>

int main(int argc, char** argv)
{
  (void)argv;
#ifndef Q_WS_MAC
  return ((int*)(&Q_WS_MAC))[argc];
#else
  (void)argc;
  return 0;
#endif
}

